[2014-05-19 11:01:48] START
[2014-05-19 11:13:11] EDIT wiki/models/db.py: 30
[2014-05-19 11:13:59] EDIT wiki/controllers/default.py: 8
[2014-05-19 11:18:08] EDIT wiki/controllers/default.py: 31
[2014-05-19 11:22:44] EDIT wiki/models/db.py: 0
[2014-05-19 11:23:36] CREATE default/create.html: 0
[2014-05-19 11:24:12] EDIT wiki/views/default/create.html: 0
[2014-05-19 11:25:29] EDIT wiki/models/db.py: 0
[2014-05-19 11:30:33] EDIT wiki/controllers/default.py: 0
[2014-05-19 11:48:26] EDIT wiki/models/db.py: 0
[2014-05-19 11:59:58] EDIT wiki/models/db.py: 1
[2014-05-19 12:01:17] EDIT wiki/models/db.py: 0
[2014-05-19 12:02:04] EDIT wiki/models/db.py: 0
[2014-05-19 12:02:40] EDIT wiki/models/db.py: 0
[2014-05-19 12:08:03] EDIT wiki/models/db.py: 0
[2014-05-19 12:08:48] EDIT wiki/models/db.py: 0
[2014-05-19 12:12:01] EDIT wiki/models/db.py: 0
[2014-05-19 12:12:44] EDIT wiki/models/db.py: 0
[2014-05-19 12:13:36] EDIT wiki/controllers/default.py: 0
[2014-05-19 12:18:17] EDIT wiki/models/db.py: -1
[2014-05-19 12:19:05] EDIT wiki/models/db.py: 0
[2014-05-19 12:19:36] EDIT wiki/models/db.py: 0
[2014-05-19 12:20:36] EDIT wiki/models/db.py: 0
[2014-05-19 12:27:26] EDIT wiki/views/default/index.html: -25
[2014-05-19 12:27:51] CREATE default/show.html: 0
[2014-05-19 12:28:32] EDIT wiki/views/default/show.html: 9
[2014-05-19 12:29:25] CREATE default/edit.html: 0
[2014-05-19 12:29:37] EDIT wiki/views/default/edit.html: 1
[2014-05-19 12:30:23] CREATE default/documents.html: 0
[2014-05-19 12:30:34] EDIT wiki/views/default/documents.html: 2
[2014-05-19 12:30:49] EDIT wiki/views/default/documents.html: 0
[2014-05-19 12:31:49] CREATE default/search.html: 0
[2014-05-19 12:32:02] EDIT wiki/views/default/search.html: 1
[2014-05-19 12:38:32] EDIT wiki/controllers/default.py: 2
[2014-05-19 13:24:17] EDIT wiki/controllers/default.py: 1
[2014-05-19 13:25:00] EDIT wiki/controllers/default.py: 0
[2014-05-19 13:32:24] EDIT wiki/models/db.py: 0
[2014-05-19 13:37:00] EDIT wiki/controllers/default.py: 0
[2014-05-19 14:06:53] EDIT wiki/views/default/show.html: -4
[2014-05-19 14:07:09] EDIT wiki/views/default/show.html: 4
[2014-05-19 14:09:48] EDIT wiki/models/db.py: 1
[2014-05-19 14:09:59] EDIT wiki/models/db.py: 0
[2014-05-19 14:11:07] EDIT wiki/controllers/default.py: 0
[2014-05-19 14:12:11] EDIT wiki/controllers/default.py: 0
[2014-05-19 14:23:23] EDIT wiki/controllers/default.py: 0
[2014-05-19 14:23:52] EDIT wiki/controllers/default.py: 0
[2014-05-19 14:46:12] EDIT wiki/views/default/show.html: 0
[2014-05-19 14:49:09] EDIT wiki/views/default/show.html: 1
[2014-05-19 14:49:41] EDIT wiki/views/default/show.html: 0
[2014-05-19 14:49:46] EDIT wiki/views/default/show.html: 0
[2014-05-19 15:01:32] EDIT wiki/views/default/search.html: 0
[2014-05-19 15:08:35] EDIT wiki/controllers/default.py: 0
[2014-05-19 15:23:19] EDIT wiki/views/default/create.html: 1
[2014-05-19 15:23:37] EDIT wiki/views/default/create.html: 0
[2014-05-19 15:23:50] EDIT wiki/controllers/default.py: 1
[2014-05-19 15:35:00] EDIT wiki/views/default/create.html: 1
[2014-05-19 15:35:28] EDIT wiki/controllers/default.py: 1
[2014-05-19 15:39:37] EDIT wiki/controllers/default.py: -1
[2014-05-19 15:42:47] EDIT wiki/controllers/default.py: 0
[2014-05-19 15:53:16] EDIT wiki/controllers/default.py: 0
[2014-05-19 16:06:25] EDIT wiki/controllers/default.py: 2
[2014-05-19 16:06:34] EDIT wiki/controllers/default.py: 0
[2014-05-19 16:06:43] EDIT wiki/controllers/default.py: 0
[2014-05-19 16:13:35] EDIT wiki/controllers/default.py: 1
[2014-05-19 16:13:40] EDIT wiki/controllers/default.py: -1
[2014-05-19 16:15:53] EDIT wiki/controllers/default.py: 0
[2014-05-19 16:40:22] EDIT wiki/views/default/create.html: 18
[2014-05-19 16:42:35] EDIT wiki/views/default/create.html: 0
[2014-05-19 16:46:20] EDIT wiki/views/default/create.html: 0
[2014-05-19 16:49:15] EDIT wiki/views/default/create.html: -11
[2014-05-19 16:49:57] EDIT wiki/views/default/create.html: 0
[2014-05-19 16:57:54] EDIT wiki/views/default/create.html: 0
[2014-05-19 17:20:09] EDIT wiki/views/default/create.html: 1
[2014-05-19 17:20:29] EDIT wiki/views/default/create.html: 0
[2014-05-19 17:21:15] EDIT wiki/views/default/create.html: 0
[2014-05-19 17:22:22] EDIT wiki/views/default/create.html: 0
[2014-05-19 17:22:25] EDIT wiki/views/default/create.html: 0
[2014-05-19 17:22:45] EDIT wiki/views/default/create.html: 0
